<?xml version="1.0" encoding="UTF-8" ?>
<testsuite failures="0" time="7.933" errors="1" skipped="0" tests="1" name="com.vizend.town.reign.ruling.facade.ReignAdvisorTest">
  <properties>
    <property name="java.runtime.name" value="Java(TM) SE Runtime Environment"/>
    <property name="sun.boot.library.path" value="/System/Library/Java/JavaVirtualMachines/1.6.0.jdk/Contents/Libraries"/>
    <property name="java.vm.version" value="20.12-b01-434"/>
    <property name="awt.nativeDoubleBuffering" value="true"/>
    <property name="gopherProxySet" value="false"/>
    <property name="mrj.build" value="11M3909"/>
    <property name="java.vm.vendor" value="Apple Inc."/>
    <property name="java.vendor.url" value="http://www.apple.com/"/>
    <property name="path.separator" value=":"/>
    <property name="guice.disable.misplaced.annotation.check" value="true"/>
    <property name="java.vm.name" value="Java HotSpot(TM) 64-Bit Server VM"/>
    <property name="file.encoding.pkg" value="sun.io"/>
    <property name="user.country" value="US"/>
    <property name="sun.java.launcher" value="SUN_STANDARD"/>
    <property name="sun.os.patch.level" value="unknown"/>
    <property name="java.vm.specification.name" value="Java Virtual Machine Specification"/>
    <property name="user.dir" value="/Users/admin/Dev/workspace/vizend-town/vizend-town-reign"/>
    <property name="java.runtime.version" value="1.6.0_37-b06-434-11M3909"/>
    <property name="java.awt.graphicsenv" value="apple.awt.CGraphicsEnvironment"/>
    <property name="java.endorsed.dirs" value="/System/Library/Java/JavaVirtualMachines/1.6.0.jdk/Contents/Home/lib/endorsed"/>
    <property name="os.arch" value="x86_64"/>
    <property name="java.io.tmpdir" value="/var/folders/0r/s9scnmy9233c6m0qfcz_ppp80000gp/T/"/>
    <property name="line.separator" value="
"/>
    <property name="java.vm.specification.vendor" value="Sun Microsystems Inc."/>
    <property name="os.name" value="Mac OS X"/>
    <property name="classworlds.conf" value="/Users/admin/Dev/workspace/vizend-town/.metadata/.plugins/org.eclipse.m2e.core/launches/m2conf447868115646066268.tmp"/>
    <property name="sun.jnu.encoding" value="MacRoman"/>
    <property name="java.library.path" value=".:/Library/Java/Extensions:/System/Library/Java/Extensions:/usr/lib/java"/>
    <property name="java.specification.name" value="Java Platform API Specification"/>
    <property name="java.class.version" value="50.0"/>
    <property name="sun.management.compiler" value="HotSpot 64-Bit Tiered Compilers"/>
    <property name="os.version" value="10.8.2"/>
    <property name="http.nonProxyHosts" value="local|*.local|169.254/16|*.169.254/16"/>
    <property name="user.home" value="/Users/admin"/>
    <property name="user.timezone" value="Asia/Seoul"/>
    <property name="java.awt.printerjob" value="apple.awt.CPrinterJob"/>
    <property name="java.specification.version" value="1.6"/>
    <property name="file.encoding" value="UTF-8"/>
    <property name="user.name" value="admin"/>
    <property name="java.class.path" value="/Users/admin/Dev/eclipse/configuration/org.eclipse.osgi/bundles/789/1/.cp/jars/plexus-classworlds-2.4.jar"/>
    <property name="java.vm.specification.version" value="1.0"/>
    <property name="sun.arch.data.model" value="64"/>
    <property name="java.home" value="/System/Library/Java/JavaVirtualMachines/1.6.0.jdk/Contents/Home"/>
    <property name="sun.java.command" value="org.codehaus.plexus.classworlds.launcher.Launcher -B -s /Users/admin/.m2/settings.xml deploy"/>
    <property name="java.specification.vendor" value="Sun Microsystems Inc."/>
    <property name="user.language" value="en"/>
    <property name="awt.toolkit" value="apple.awt.CToolkit"/>
    <property name="java.vm.info" value="mixed mode"/>
    <property name="java.version" value="1.6.0_37"/>
    <property name="java.ext.dirs" value="/Library/Java/Extensions:/System/Library/Java/Extensions:/System/Library/Java/JavaVirtualMachines/1.6.0.jdk/Contents/Home/lib/ext"/>
    <property name="sun.boot.class.path" value="/System/Library/Java/JavaVirtualMachines/1.6.0.jdk/Contents/Classes/jsfd.jar:/System/Library/Java/JavaVirtualMachines/1.6.0.jdk/Contents/Classes/classes.jar:/System/Library/Frameworks/JavaVM.framework/Frameworks/JavaRuntimeSupport.framework/Resources/Java/JavaRuntimeSupport.jar:/System/Library/Java/JavaVirtualMachines/1.6.0.jdk/Contents/Classes/ui.jar:/System/Library/Java/JavaVirtualMachines/1.6.0.jdk/Contents/Classes/laf.jar:/System/Library/Java/JavaVirtualMachines/1.6.0.jdk/Contents/Classes/sunrsasign.jar:/System/Library/Java/JavaVirtualMachines/1.6.0.jdk/Contents/Classes/jsse.jar:/System/Library/Java/JavaVirtualMachines/1.6.0.jdk/Contents/Classes/jce.jar:/System/Library/Java/JavaVirtualMachines/1.6.0.jdk/Contents/Classes/charsets.jar"/>
    <property name="java.vendor" value="Apple Inc."/>
    <property name="maven.home" value="/Users/admin/Dev/workspace/vizend-town/vizend-town-reign/EMBEDDED"/>
    <property name="file.separator" value="/"/>
    <property name="java.vendor.url.bug" value="http://bugreport.apple.com/"/>
    <property name="sun.cpu.endian" value="little"/>
    <property name="sun.io.unicode.encoding" value="UnicodeLittle"/>
    <property name="mrj.version" value="1070.1.6.0_37-434"/>
    <property name="socksNonProxyHosts" value="local|*.local|169.254/16|*.169.254/16"/>
    <property name="ftp.nonProxyHosts" value="local|*.local|169.254/16|*.169.254/16"/>
    <property name="sun.cpu.isalist" value=""/>
  </properties>
  <testcase time="7.933" classname="com.vizend.town.reign.ruling.facade.ReignAdvisorTest" name="testServiceDomainCRUD">
    <error message="id to load is required for loading" type="java.lang.IllegalArgumentException">java.lang.IllegalArgumentException: id to load is required for loading
	at org.hibernate.event.LoadEvent.&lt;init&gt;(LoadEvent.java:89)
	at org.hibernate.event.LoadEvent.&lt;init&gt;(LoadEvent.java:61)
	at org.hibernate.impl.SessionImpl.get(SessionImpl.java:1002)
	at org.hibernate.impl.SessionImpl.get(SessionImpl.java:998)
	at org.hibernate.ejb.AbstractEntityManagerImpl.find(AbstractEntityManagerImpl.java:781)
	at org.hibernate.ejb.AbstractEntityManagerImpl.find(AbstractEntityManagerImpl.java:756)
	at sun.reflect.NativeMethodAccessorImpl.invoke0(Native Method)
	at sun.reflect.NativeMethodAccessorImpl.invoke(NativeMethodAccessorImpl.java:39)
	at sun.reflect.DelegatingMethodAccessorImpl.invoke(DelegatingMethodAccessorImpl.java:25)
	at java.lang.reflect.Method.invoke(Method.java:597)
	at org.springframework.orm.jpa.SharedEntityManagerCreator$SharedEntityManagerInvocationHandler.invoke(SharedEntityManagerCreator.java:240)
	at $Proxy26.find(Unknown Source)
	at com.vizend.town.reign.nation.logic.NationEntityLogic.retrieve(NationLogic.java:48)
	at com.vizend.town.reign.ruling.logic.ReignAdvisorLogic.buildServiceDomain(ReignAdvisorLogic.java:268)
	at sun.reflect.NativeMethodAccessorImpl.invoke0(Native Method)
	at sun.reflect.NativeMethodAccessorImpl.invoke(NativeMethodAccessorImpl.java:39)
	at sun.reflect.DelegatingMethodAccessorImpl.invoke(DelegatingMethodAccessorImpl.java:25)
	at java.lang.reflect.Method.invoke(Method.java:597)
	at org.springframework.aop.support.AopUtils.invokeJoinpointUsingReflection(AopUtils.java:318)
	at org.springframework.aop.framework.ReflectiveMethodInvocation.invokeJoinpoint(ReflectiveMethodInvocation.java:183)
	at org.springframework.aop.framework.ReflectiveMethodInvocation.proceed(ReflectiveMethodInvocation.java:150)
	at org.springframework.transaction.interceptor.TransactionInterceptor.invoke(TransactionInterceptor.java:110)
	at org.springframework.aop.framework.ReflectiveMethodInvocation.proceed(ReflectiveMethodInvocation.java:172)
	at org.springframework.aop.framework.JdkDynamicAopProxy.invoke(JdkDynamicAopProxy.java:202)
	at $Proxy32.buildServiceDomain(Unknown Source)
	at com.vizend.town.reign.ruling.facade.ReignAdvisorTest.testServiceDomainCRUD(ReignAdvisorTest.java:52)
	at sun.reflect.NativeMethodAccessorImpl.invoke0(Native Method)
	at sun.reflect.NativeMethodAccessorImpl.invoke(NativeMethodAccessorImpl.java:39)
	at sun.reflect.DelegatingMethodAccessorImpl.invoke(DelegatingMethodAccessorImpl.java:25)
	at java.lang.reflect.Method.invoke(Method.java:597)
	at org.junit.runners.model.FrameworkMethod$1.runReflectiveCall(FrameworkMethod.java:45)
	at org.junit.internal.runners.model.ReflectiveCallable.run(ReflectiveCallable.java:15)
	at org.junit.runners.model.FrameworkMethod.invokeExplosively(FrameworkMethod.java:42)
	at org.junit.internal.runners.statements.InvokeMethod.evaluate(InvokeMethod.java:20)
	at org.springframework.test.context.junit4.statements.RunBeforeTestMethodCallbacks.evaluate(RunBeforeTestMethodCallbacks.java:74)
	at org.springframework.test.context.junit4.statements.RunAfterTestMethodCallbacks.evaluate(RunAfterTestMethodCallbacks.java:83)
	at org.springframework.test.context.junit4.statements.SpringRepeat.evaluate(SpringRepeat.java:72)
	at org.springframework.test.context.junit4.SpringJUnit4ClassRunner.runChild(SpringJUnit4ClassRunner.java:231)
	at org.junit.runners.BlockJUnit4ClassRunner.runChild(BlockJUnit4ClassRunner.java:47)
	at org.junit.runners.ParentRunner$3.run(ParentRunner.java:231)
	at org.junit.runners.ParentRunner$1.schedule(ParentRunner.java:60)
	at org.junit.runners.ParentRunner.runChildren(ParentRunner.java:229)
	at org.junit.runners.ParentRunner.access$000(ParentRunner.java:50)
	at org.junit.runners.ParentRunner$2.evaluate(ParentRunner.java:222)
	at org.springframework.test.context.junit4.statements.RunBeforeTestClassCallbacks.evaluate(RunBeforeTestClassCallbacks.java:61)
	at org.springframework.test.context.junit4.statements.RunAfterTestClassCallbacks.evaluate(RunAfterTestClassCallbacks.java:71)
	at org.junit.runners.ParentRunner.run(ParentRunner.java:300)
	at org.springframework.test.context.junit4.SpringJUnit4ClassRunner.run(SpringJUnit4ClassRunner.java:174)
	at org.apache.maven.surefire.junit4.JUnit4Provider.execute(JUnit4Provider.java:236)
	at org.apache.maven.surefire.junit4.JUnit4Provider.executeTestSet(JUnit4Provider.java:134)
	at org.apache.maven.surefire.junit4.JUnit4Provider.invoke(JUnit4Provider.java:113)
	at sun.reflect.NativeMethodAccessorImpl.invoke0(Native Method)
	at sun.reflect.NativeMethodAccessorImpl.invoke(NativeMethodAccessorImpl.java:39)
	at sun.reflect.DelegatingMethodAccessorImpl.invoke(DelegatingMethodAccessorImpl.java:25)
	at java.lang.reflect.Method.invoke(Method.java:597)
	at org.apache.maven.surefire.util.ReflectionUtils.invokeMethodWithArray(ReflectionUtils.java:189)
	at org.apache.maven.surefire.booter.ProviderFactory$ProviderProxy.invoke(ProviderFactory.java:165)
	at org.apache.maven.surefire.booter.ProviderFactory.invokeProvider(ProviderFactory.java:85)
	at org.apache.maven.surefire.booter.ForkedBooter.runSuitesInProcess(ForkedBooter.java:103)
	at org.apache.maven.surefire.booter.ForkedBooter.main(ForkedBooter.java:74)
</error>
    <system-out>14:34:24,251 |-INFO in ch.qos.logback.classic.LoggerContext[default] - Could NOT find resource [logback.groovy]
14:34:24,251 |-INFO in ch.qos.logback.classic.LoggerContext[default] - Could NOT find resource [logback-test.xml]
14:34:24,251 |-INFO in ch.qos.logback.classic.LoggerContext[default] - Found resource [logback.xml] at [jar:file:/Users/admin/.m2/repository/com/vizend/dream/vizend-dream-test/1.0.0-SNAPSHOT/vizend-dream-test-1.0.0-SNAPSHOT.jar!/logback.xml]
14:34:24,265 |-INFO in ch.qos.logback.core.joran.spi.ConfigurationWatchList@6a69ed4a - URL [jar:file:/Users/admin/.m2/repository/com/vizend/dream/vizend-dream-test/1.0.0-SNAPSHOT/vizend-dream-test-1.0.0-SNAPSHOT.jar!/logback.xml] is not of type file
14:34:24,290 |-INFO in ch.qos.logback.classic.joran.action.ConfigurationAction - debug attribute not set
14:34:24,290 |-INFO in ReconfigureOnChangeFilter{invocationCounter=0} - Will scan for changes in [[]] every 60 seconds. 
14:34:24,290 |-INFO in ch.qos.logback.classic.joran.action.ConfigurationAction - Adding ReconfigureOnChangeFilter as a turbo filter
14:34:24,295 |-INFO in ch.qos.logback.core.joran.action.AppenderAction - About to instantiate appender of type [ch.qos.logback.core.ConsoleAppender]
14:34:24,297 |-INFO in ch.qos.logback.core.joran.action.AppenderAction - Naming appender as [CONSOLE]
14:34:24,327 |-WARN in ch.qos.logback.core.ConsoleAppender[CONSOLE] - This appender no longer admits a layout as a sub-component, set an encoder instead.
14:34:24,327 |-WARN in ch.qos.logback.core.ConsoleAppender[CONSOLE] - To ensure compatibility, wrapping your layout in LayoutWrappingEncoder.
14:34:24,327 |-WARN in ch.qos.logback.core.ConsoleAppender[CONSOLE] - See also http://logback.qos.ch/codes.html#layoutInsteadOfEncoder for details
14:34:24,327 |-INFO in ch.qos.logback.classic.joran.action.LoggerAction - Setting level of logger [com.vizend.town] to DEBUG
14:34:24,327 |-INFO in ch.qos.logback.core.joran.action.AppenderRefAction - Attaching appender named [CONSOLE] to Logger[com.vizend.town]
14:34:24,327 |-INFO in ch.qos.logback.classic.joran.action.RootLoggerAction - Setting level of ROOT logger to OFF
14:34:24,328 |-INFO in ch.qos.logback.classic.joran.JoranConfigurator@5059cbda - Registering current configuration as safe fallback point

Hibernate: 
    select
        rootdomain0_.ROOTDOMAIN_OID as ROOTDOMAIN1_5_,
        rootdomain0_.ROOTDOMAIN_NAME as ROOTDOMAIN2_5_,
        rootdomain0_.nation_NATION_ID as nation4_5_,
        rootdomain0_.registDate as registDate5_ 
    from
        RootDomain rootdomain0_
Hibernate: 
    insert 
    into
        ServiceDomain
        (intro, metro_METRO_ID, SERVICEDOMAIN_NAME, openPolicy, provisionMode, registDate, rootDomain_ROOTDOMAIN_OID, userIdType) 
    values
        (?, ?, ?, ?, ?, ?, ?, ?)
Hibernate: 
    select
        townsequen0_.objectId as objectId11_,
        townsequen0_.lastSequence as lastSequ2_11_,
        townsequen0_.seqKey as seqKey11_ 
    from
        TownSequence townsequen0_ 
    where
        townsequen0_.seqKey=? limit ?
Hibernate: 
    insert 
    into
        TownSequence
        (lastSequence, seqKey) 
    values
        (?, ?)
</system-out>
    <system-err>Nov 24, 2012 2:34:23 PM org.springframework.test.context.TestContextManager retrieveTestExecutionListeners
INFO: @TestExecutionListeners is not present for class [class com.vizend.town.reign.ruling.facade.ReignAdvisorTest]: using defaults.
Nov 24, 2012 2:34:23 PM org.springframework.beans.factory.xml.XmlBeanDefinitionReader loadBeanDefinitions
INFO: Loading XML bean definitions from class path resource [applicationContext-test.xml]
Nov 24, 2012 2:34:23 PM org.springframework.context.support.AbstractApplicationContext prepareRefresh
INFO: Refreshing org.springframework.context.support.GenericApplicationContext@4cc39a20: startup date [Sat Nov 24 14:34:23 KST 2012]; root of context hierarchy
Nov 24, 2012 2:34:24 PM org.springframework.beans.factory.support.DefaultListableBeanFactory preInstantiateSingletons
INFO: Pre-instantiating singletons in org.springframework.beans.factory.support.DefaultListableBeanFactory@9642bd6: defining beans [domainEntityLogic,metroLogic,nationLogic,townLogic,citizenLogic,civicAdminLogic,servantLogic,metroManagerLogic,nationManagerLogic,reignAdvisorLogic,servantManagerLogic,townManagerLogic,attachedFileViewLogic,attachmentLogic,depotFolderLogic,folderFileViewLogic,storedFileLogic,attachedFileManagerLogic,attachmentManagerLogic,castellanAttrLogic,castellanAttrTypeLogic,memberAttrLogic,memberAttrTypeLogic,categoryLogic,categoryManagerLogic,depotProviderLogic,dreamIdGeneratorLogic,dreamSequenceLogic,townIdGeneratorLogic,townSequenceLogic,castellanGateLogic,castellanLogic,castellanPolicyLogic,castellanProfileLogic,castellanGateManagerLogic,castellanManagerLogic,castellanProfAttrTypeManagerLogic,zoneManagerLogic,castellanProviderLogic,townZoneLogic,zoneOfficerLogic,org.springframework.context.annotation.internalConfigurationAnnotationProcessor,org.springframework.context.annotation.internalAutowiredAnnotationProcessor,org.springframework.context.annotation.internalRequiredAnnotationProcessor,org.springframework.context.annotation.internalCommonAnnotationProcessor,org.springframework.context.annotation.internalPersistenceAnnotationProcessor,properties,testDS,jpaTransactionManager,testEMF,org.springframework.aop.config.internalAutoProxyCreator,org.springframework.transaction.annotation.AnnotationTransactionAttributeSource#0,org.springframework.transaction.interceptor.TransactionInterceptor#0,org.springframework.transaction.config.internalTransactionAdvisor,com.googlecode.ehcache.annotations.key.CachingReflectionHelper,com.googlecode.ehcache.annotations.key.ListCacheKeyGenerator.DEFAULT_BEAN_NAME,com.googlecode.ehcache.annotations.key.HashCodeCacheKeyGenerator.DEFAULT_BEAN_NAME,com.googlecode.ehcache.annotations.key.MessageDigestCacheKeyGenerator.DEFAULT_BEAN_NAME,com.googlecode.ehcache.annotations.key.ReflectionHashCodeCacheKeyGenerator.DEFAULT_BEAN_NAME,com.googlecode.ehcache.annotations.key.StringCacheKeyGenerator.DEFAULT_BEAN_NAME,com.googlecode.ehcache.annotations.impl.CacheAttributeSourceImpl#0,com.googlecode.ehcache.annotations.impl.CacheStaticMethodMatcherPointcut#0,com.googlecode.ehcache.annotations.interceptor.EhCacheInterceptor#0,com.googlecode.ehcache.annotations.config.internalEhCacheCachingAdvisor,ehCacheManager,org.springframework.context.annotation.ConfigurationClassPostProcessor$ImportAwareBeanPostProcessor#0]; root of factory hierarchy
Nov 24, 2012 2:34:24 PM org.springframework.jdbc.datasource.DriverManagerDataSource setDriverClassName
INFO: Loaded JDBC driver: com.mysql.jdbc.Driver
Nov 24, 2012 2:34:24 PM org.springframework.cache.ehcache.EhCacheManagerFactoryBean afterPropertiesSet
INFO: Initializing EHCache CacheManager
Nov 24, 2012 2:34:24 PM org.springframework.orm.jpa.persistenceunit.PersistenceUnitReader determinePersistenceUnitRootUrl
INFO: persistence-test.xml should be located inside META-INF directory; cannot determine persistence unit root URL for class path resource [persistence-test.xml]
Nov 24, 2012 2:34:24 PM org.springframework.orm.jpa.LocalContainerEntityManagerFactoryBean createNativeEntityManagerFactory
INFO: Building JPA container EntityManagerFactory for persistence unit &apos;persistence-unit&apos;
Nov 24, 2012 2:34:30 PM org.springframework.test.context.transaction.TransactionalTestExecutionListener startNewTransaction
INFO: Began transaction (1): transaction manager [org.springframework.orm.jpa.JpaTransactionManager@2e2a730e]; rollback [true]
Nov 24, 2012 2:34:31 PM org.springframework.test.context.transaction.TransactionalTestExecutionListener endTransaction
INFO: Rolled back transaction after test execution for test context [[TestContext@8746d23 testClass = ReignAdvisorTest, testInstance = com.vizend.town.reign.ruling.facade.ReignAdvisorTest@13a9192b, testMethod = testServiceDomainCRUD@ReignAdvisorTest, testException = java.lang.IllegalArgumentException: id to load is required for loading, mergedContextConfiguration = [MergedContextConfiguration@42b36022 testClass = ReignAdvisorTest, locations = &apos;{classpath:applicationContext-test.xml}&apos;, classes = &apos;{}&apos;, activeProfiles = &apos;{}&apos;, contextLoader = &apos;org.springframework.test.context.support.DelegatingSmartContextLoader&apos;]]]
</system-err>
  </testcase>
</testsuite>